
2020-03-13 11:42:19 SIGNALS LiveTrading:43 - Trading Signals using OpenFinDesk,analyzing Forex...
2020-03-13 11:42:19 DEBUG Symbol:65 - initialized:com.farshad.algotrading.core.openFinDeskStore.influxdb.InfluxDB
2020-03-13 11:42:19 INFO  MoneyManager:36 - numberOfOpenOrders updated to:0
2020-03-13 11:42:19 DEBUG Symbol:65 - initialized:com.farshad.algotrading.core.openFinDeskStore.influxdb.InfluxDB
2020-03-13 11:42:19 INFO  MoneyManager:36 - numberOfOpenOrders updated to:0
2020-03-13 11:42:19 DEBUG Symbol:65 - initialized:com.farshad.algotrading.core.openFinDeskStore.influxdb.InfluxDB
2020-03-13 11:42:19 INFO  MoneyManager:36 - numberOfOpenOrders updated to:0
2020-03-13 11:42:19 DEBUG Symbol:65 - initialized:com.farshad.algotrading.core.openFinDeskStore.influxdb.InfluxDB
2020-03-13 11:42:19 INFO  MoneyManager:36 - numberOfOpenOrders updated to:0
2020-03-13 11:42:19 INFO  Symbol:99 - fetching for timeframe:PERIOD_H1 count:1
2020-03-13 11:42:19 DEBUG Symbol:111 - numberOfRequiredCandles[0]=25
2020-03-13 11:42:44 SOCKETUTIL SocketUtil:62 - 
New connection from i=0 is:192.168.1.100 using SocketUtil
2020-03-13 11:42:44 DEBUG SocketUtil:86 - sending to client from SocketUtil message:fetchCandles,AUDUSD,PERIOD_H1,0,25
2020-03-13 11:42:44 SOCKETUTIL SocketUtil:62 - 
New connection from i=1 is:192.168.1.100 using SocketUtil
2020-03-13 11:42:44 DEBUG SocketUtil:72 - clean={"symbol":"AUDUSD","time":"2020.03.13 09:00","open":"0.62843","high":"0.62948","low":"0.62758","close":"0.62758","tick_volume":"887"}
2020-03-13 11:42:44 INFO  SocketUtil:75 - openFinDeskMessage.getContext() for message fetchCandles,AUDUSD,PERIOD_H1,0,25 is:noContext
2020-03-13 11:42:44 INFO  SocketUtil:76 - openFinDeskMessage.getPayload() for message fetchCandles,AUDUSD,PERIOD_H1,0,25 is:noPayload
2020-03-13 11:42:44 DEBUG SocketUtil:86 - sending to client from SocketUtil message:fetchCandles,AUDUSD,PERIOD_H1,0,25
2020-03-13 11:42:44 SOCKETUTIL SocketUtil:62 - 
New connection from i=2 is:192.168.1.100 using SocketUtil
2020-03-13 11:42:44 DEBUG SocketUtil:72 - clean={"symbol":"AUDUSD","time":"2020.03.13 08:00","open":"0.62888","high":"0.6303800000000001","low":"0.62726","close":"0.62838","tick_volume":"3488"}
2020-03-13 11:42:44 INFO  SocketUtil:75 - openFinDeskMessage.getContext() for message fetchCandles,AUDUSD,PERIOD_H1,0,25 is:noContext
2020-03-13 11:42:44 INFO  SocketUtil:76 - openFinDeskMessage.getPayload() for message fetchCandles,AUDUSD,PERIOD_H1,0,25 is:noPayload
2020-03-13 11:42:44 DEBUG SocketUtil:86 - sending to client from SocketUtil message:fetchCandles,AUDUSD,PERIOD_H1,0,25
2020-03-13 11:42:44 SOCKETUTIL SocketUtil:62 - 
New connection from i=3 is:192.168.1.100 using SocketUtil
2020-03-13 11:42:44 DEBUG SocketUtil:72 - clean={"symbol":"AUDUSD","time":"2020.03.13 07:00","open":"0.62948","high":"0.63043","low":"0.62823","close":"0.6288","tick_volume":"1744"}
2020-03-13 11:42:44 INFO  SocketUtil:75 - openFinDeskMessage.getContext() for message fetchCandles,AUDUSD,PERIOD_H1,0,25 is:noContext
2020-03-13 11:42:44 INFO  SocketUtil:76 - openFinDeskMessage.getPayload() for message fetchCandles,AUDUSD,PERIOD_H1,0,25 is:noPayload
2020-03-13 11:42:44 DEBUG SocketUtil:86 - sending to client from SocketUtil message:fetchCandles,AUDUSD,PERIOD_H1,0,25
2020-03-13 11:42:44 SOCKETUTIL SocketUtil:62 - 
New connection from i=4 is:192.168.1.100 using SocketUtil
2020-03-13 11:42:45 DEBUG SocketUtil:72 - clean={"symbol":"AUDUSD","time":"2020.03.13 06:00","open":"0.6303800000000001","high":"0.6322","low":"0.62914","close":"0.62948","tick_volume":"2038"}
2020-03-13 11:42:45 INFO  SocketUtil:75 - openFinDeskMessage.getContext() for message fetchCandles,AUDUSD,PERIOD_H1,0,25 is:noContext
2020-03-13 11:42:45 INFO  SocketUtil:76 - openFinDeskMessage.getPayload() for message fetchCandles,AUDUSD,PERIOD_H1,0,25 is:noPayload
2020-03-13 11:42:45 DEBUG SocketUtil:86 - sending to client from SocketUtil message:fetchCandles,AUDUSD,PERIOD_H1,0,25
2020-03-13 11:42:45 SOCKETUTIL SocketUtil:62 - 
New connection from i=5 is:192.168.1.100 using SocketUtil
2020-03-13 11:42:45 DEBUG SocketUtil:72 - clean={"symbol":"AUDUSD","time":"2020.03.13 05:00","open":"0.62898","high":"0.63218","low":"0.62798","close":"0.6303800000000001","tick_volume":"2386"}
2020-03-13 11:42:45 INFO  SocketUtil:75 - openFinDeskMessage.getContext() for message fetchCandles,AUDUSD,PERIOD_H1,0,25 is:noContext
2020-03-13 11:42:45 INFO  SocketUtil:76 - openFinDeskMessage.getPayload() for message fetchCandles,AUDUSD,PERIOD_H1,0,25 is:noPayload
2020-03-13 11:42:45 DEBUG SocketUtil:86 - sending to client from SocketUtil message:fetchCandles,AUDUSD,PERIOD_H1,0,25
2020-03-13 11:42:45 SOCKETUTIL SocketUtil:62 - 
New connection from i=6 is:192.168.1.100 using SocketUtil
2020-03-13 11:42:45 DEBUG SocketUtil:72 - clean={"symbol":"AUDUSD","time":"2020.03.13 04:00","open":"0.6296","high":"0.63018","low":"0.62723","close":"0.62895","tick_volume":"2134"}
2020-03-13 11:42:45 INFO  SocketUtil:75 - openFinDeskMessage.getContext() for message fetchCandles,AUDUSD,PERIOD_H1,0,25 is:noContext
2020-03-13 11:42:45 INFO  SocketUtil:76 - openFinDeskMessage.getPayload() for message fetchCandles,AUDUSD,PERIOD_H1,0,25 is:noPayload
2020-03-13 11:42:45 DEBUG SocketUtil:86 - sending to client from SocketUtil message:fetchCandles,AUDUSD,PERIOD_H1,0,25
2020-03-13 11:42:45 SOCKETUTIL SocketUtil:62 - 
New connection from i=7 is:192.168.1.100 using SocketUtil
2020-03-13 11:42:45 DEBUG SocketUtil:72 - clean={"symbol":"AUDUSD","time":"2020.03.13 03:00","open":"0.6304","high":"0.63148","low":"0.62947","close":"0.6296","tick_volume":"2090"}
2020-03-13 11:42:45 INFO  SocketUtil:75 - openFinDeskMessage.getContext() for message fetchCandles,AUDUSD,PERIOD_H1,0,25 is:noContext
2020-03-13 11:42:45 INFO  SocketUtil:76 - openFinDeskMessage.getPayload() for message fetchCandles,AUDUSD,PERIOD_H1,0,25 is:noPayload
2020-03-13 11:42:45 DEBUG SocketUtil:86 - sending to client from SocketUtil message:fetchCandles,AUDUSD,PERIOD_H1,0,25
2020-03-13 11:42:45 SOCKETUTIL SocketUtil:62 - 
New connection from i=8 is:192.168.1.100 using SocketUtil
2020-03-13 11:42:45 DEBUG SocketUtil:72 - clean={"symbol":"AUDUSD","time":"2020.03.13 02:00","open":"0.62878","high":"0.63248","low":"0.62868","close":"0.63045","tick_volume":"2444"}
2020-03-13 11:42:45 INFO  SocketUtil:75 - openFinDeskMessage.getContext() for message fetchCandles,AUDUSD,PERIOD_H1,0,25 is:noContext
2020-03-13 11:42:45 INFO  SocketUtil:76 - openFinDeskMessage.getPayload() for message fetchCandles,AUDUSD,PERIOD_H1,0,25 is:noPayload
2020-03-13 11:42:45 DEBUG SocketUtil:86 - sending to client from SocketUtil message:fetchCandles,AUDUSD,PERIOD_H1,0,25
2020-03-13 11:42:45 SOCKETUTIL SocketUtil:62 - 
New connection from i=9 is:192.168.1.100 using SocketUtil
2020-03-13 11:42:45 DEBUG SocketUtil:72 - clean={"symbol":"AUDUSD","time":"2020.03.13 01:00","open":"0.62746","high":"0.62895","low":"0.62645","close":"0.62878","tick_volume":"2565"}